15:15:53 **** Incremental Build of configuration Debug for project Lab1p3 ****
make all 
Building file: ../Lab1p3.cpp
Invoking: GCC C++ Compiler
g++ -O0 -g3 -Wall -c -fmessage-length=0 -MMD -MP -MF"Lab1p3.d" -MT"Lab1p3.d" -o "Lab1p3.o" "../Lab1p3.cpp"
Finished building: ../Lab1p3.cpp
 
Building target: Lab1p3
Invoking: MacOS X C++ Linker
g++  -o "Lab1p3"  ./Lab1p3.o   
Undefined symbols for architecture x86_64:
  "_main", referenced from:
     implicit entry/start for main executable
ld: symbol(s) not found for architecture x86_64
clang: error: linker command failed with exit code 1 (use -v to see invocation)
make: *** [Lab1p3] Error 1

15:15:53 Build Finished (took 111ms)

